{
"contracts/BondToken.sol":{"l":{"42":0,"52":0,"56":0,"57":0,"58":0,"59":0,"71":0,"72":0,"73":0},"path":"/home/runner/work/karmaToken/karmaToken/contracts/BondToken.sol","s":{"1":0,"2":0,"3":0,"4":0,"5":0,"6":0,"7":0,"8":0,"9":0},"b":{"1":[0,0]},"f":{"1":0,"2":0,"3":0,"4":0},"fnMap":{"1":{"name":"constructor","line":33,"loc":{"start":{"line":28,"column":4},"end":{"line":34,"column":5}}},"2":{"name":"getBond","line":41,"loc":{"start":{"line":41,"column":4},"end":{"line":43,"column":4}}},"3":{"name":"mintBond","line":51,"loc":{"start":{"line":51,"column":4},"end":{"line":60,"column":4}}},"4":{"name":"updateBeneficiary","line":69,"loc":{"start":{"line":67,"column":4},"end":{"line":74,"column":4}}}},"statementMap":{"1":{"start":{"line":42,"column":8},"end":{"line":42,"column":70}},"2":{"start":{"line":52,"column":8},"end":{"line":52,"column":1706}},"3":{"start":{"line":56,"column":8},"end":{"line":56,"column":37}},"4":{"start":{"line":57,"column":8},"end":{"line":57,"column":22}},"5":{"start":{"line":58,"column":8},"end":{"line":58,"column":22}},"6":{"start":{"line":59,"column":8},"end":{"line":59,"column":28}},"7":{"start":{"line":71,"column":8},"end":{"line":71,"column":26}},"8":{"start":{"line":72,"column":8},"end":{"line":72,"column":73}},"9":{"start":{"line":73,"column":8},"end":{"line":73,"column":50}}},"branchMap":{"1":{"line":52,"type":"if","locations":[{"start":{"line":52,"column":8},"end":{"line":52,"column":8}},{"start":{"line":52,"column":8},"end":{"line":52,"column":8}}]}}},
"contracts/CollateralManager.sol":{"l":{"58":0,"59":0,"60":0,"62":0,"64":0,"65":0,"66":0,"74":0,"88":0,"90":0,"91":0,"92":0,"94":0,"95":0,"96":0,"113":0,"114":0,"115":0,"116":0,"117":0,"119":0,"123":0,"127":0,"130":0,"131":0,"132":0,"133":0,"138":0,"143":0,"144":0,"147":0,"154":0,"163":0,"164":0,"165":0},"path":"/home/runner/work/karmaToken/karmaToken/contracts/CollateralManager.sol","s":{"1":0,"2":0,"3":0,"4":0,"5":0,"6":0,"7":0,"8":0,"9":0,"10":0,"11":0,"12":0,"13":0,"14":0,"15":0,"16":0,"17":0,"18":0,"19":0,"20":0,"21":0,"22":0,"23":0,"24":0,"25":0,"26":0,"27":0,"28":0,"29":0,"30":0,"31":0,"32":0,"33":0,"34":0,"35":0},"b":{"1":[0,0],"2":[0,0],"3":[0,0],"4":[0,0],"5":[0,0],"6":[0,0]},"f":{"1":0,"2":0,"3":0,"4":0,"5":0},"fnMap":{"1":{"name":"constructor","line":41,"loc":{"start":{"line":36,"column":4},"end":{"line":42,"column":5}}},"2":{"name":"addCollateral","line":52,"loc":{"start":{"line":52,"column":4},"end":{"line":75,"column":4}}},"3":{"name":"_isAuthorizedToReleaseCollateral","line":83,"loc":{"start":{"line":83,"column":4},"end":{"line":97,"column":4}}},"4":{"name":"safeBatchReleaseCollaterals","line":108,"loc":{"start":{"line":108,"column":4},"end":{"line":156,"column":4}}},"5":{"name":"destroyBond","line":162,"loc":{"start":{"line":162,"column":4},"end":{"line":166,"column":4}}}},"statementMap":{"1":{"start":{"line":58,"column":8},"end":{"line":58,"column":62}},"2":{"start":{"line":59,"column":8},"end":{"line":59,"column":45}},"3":{"start":{"line":60,"column":8},"end":{"line":60,"column":1738}},"4":{"start":{"line":62,"column":12},"end":{"line":62,"column":41}},"5":{"start":{"line":64,"column":12},"end":{"line":64,"column":56}},"6":{"start":{"line":65,"column":12},"end":{"line":65,"column":31}},"7":{"start":{"line":66,"column":12},"end":{"line":66,"column":1965}},"8":{"start":{"line":74,"column":8},"end":{"line":74,"column":64}},"9":{"start":{"line":88,"column":8},"end":{"line":88,"column":21}},"10":{"start":{"line":90,"column":8},"end":{"line":90,"column":49}},"11":{"start":{"line":91,"column":8},"end":{"line":91,"column":76}},"12":{"start":{"line":92,"column":8},"end":{"line":92,"column":42}},"13":{"start":{"line":92,"column":31},"end":{"line":92,"column":42}},"14":{"start":{"line":94,"column":8},"end":{"line":94,"column":52}},"15":{"start":{"line":95,"column":8},"end":{"line":95,"column":63}},"16":{"start":{"line":96,"column":8},"end":{"line":96,"column":53}},"17":{"start":{"line":113,"column":8},"end":{"line":113,"column":47}},"18":{"start":{"line":114,"column":8},"end":{"line":114,"column":44}},"19":{"start":{"line":115,"column":8},"end":{"line":115,"column":49}},"20":{"start":{"line":116,"column":8},"end":{"line":116,"column":3794}},"21":{"start":{"line":117,"column":12},"end":{"line":117,"column":39}},"22":{"start":{"line":119,"column":12},"end":{"line":119,"column":3949}},"23":{"start":{"line":123,"column":16},"end":{"line":123,"column":4119}},"24":{"start":{"line":127,"column":16},"end":{"line":127,"column":42}},"25":{"start":{"line":130,"column":12},"end":{"line":130,"column":64}},"26":{"start":{"line":131,"column":12},"end":{"line":131,"column":66}},"27":{"start":{"line":132,"column":12},"end":{"line":132,"column":35}},"28":{"start":{"line":133,"column":12},"end":{"line":133,"column":4608}},"29":{"start":{"line":138,"column":12},"end":{"line":138,"column":4823}},"30":{"start":{"line":143,"column":16},"end":{"line":143,"column":51}},"31":{"start":{"line":144,"column":16},"end":{"line":144,"column":46}},"32":{"start":{"line":147,"column":12},"end":{"line":147,"column":5158}},"33":{"start":{"line":154,"column":12},"end":{"line":154,"column":61}},"34":{"start":{"line":163,"column":8},"end":{"line":163,"column":41}},"35":{"start":{"line":165,"column":8},"end":{"line":165,"column":28}}},"branchMap":{"1":{"line":60,"type":"if","locations":[{"start":{"line":60,"column":8},"end":{"line":60,"column":8}},{"start":{"line":60,"column":8},"end":{"line":60,"column":8}}]},"2":{"line":92,"type":"if","locations":[{"start":{"line":92,"column":8},"end":{"line":92,"column":8}},{"start":{"line":92,"column":8},"end":{"line":92,"column":8}}]},"3":{"line":119,"type":"if","locations":[{"start":{"line":119,"column":12},"end":{"line":119,"column":12}},{"start":{"line":119,"column":12},"end":{"line":119,"column":12}}]},"4":{"line":123,"type":"if","locations":[{"start":{"line":123,"column":16},"end":{"line":123,"column":16}},{"start":{"line":123,"column":16},"end":{"line":123,"column":16}}]},"5":{"line":133,"type":"if","locations":[{"start":{"line":133,"column":12},"end":{"line":133,"column":12}},{"start":{"line":133,"column":12},"end":{"line":133,"column":12}}]},"6":{"line":138,"type":"if","locations":[{"start":{"line":138,"column":12},"end":{"line":138,"column":12}},{"start":{"line":138,"column":12},"end":{"line":138,"column":12}}]}}},
"contracts/CurrencyManager.sol":{"l":{"49":0,"57":0,"65":0,"82":0,"88":0,"89":0,"91":0,"102":0,"123":0,"124":0,"125":0,"127":0,"130":0,"132":0,"133":0,"141":0,"149":0,"157":0,"158":0,"159":0,"160":0,"161":0,"163":0},"path":"/home/runner/work/karmaToken/karmaToken/contracts/CurrencyManager.sol","s":{"1":0,"2":0,"3":0,"4":0,"5":0,"6":0,"7":0,"8":0,"9":0,"10":0,"11":0,"12":0,"13":0,"14":0,"15":0,"16":0,"17":0,"18":0,"19":0,"20":0,"21":0,"22":0,"23":0,"24":0,"25":0,"26":0,"27":0,"28":0},"b":{"1":[0,0],"2":[0,0],"3":[0,0],"4":[0,0],"5":[0,0],"6":[0,0],"7":[0,0],"8":[0,0],"9":[0,0]},"f":{"1":0,"2":0,"3":0,"4":0,"5":0,"6":0,"7":0},"fnMap":{"1":{"name":"constructor","line":48,"loc":{"start":{"line":48,"column":4},"end":{"line":50,"column":4}}},"2":{"name":"addERC20Currency","line":56,"loc":{"start":{"line":56,"column":4},"end":{"line":58,"column":4}}},"3":{"name":"addERC721Currency","line":64,"loc":{"start":{"line":64,"column":4},"end":{"line":66,"column":4}}},"4":{"name":"addERC1155TokenCurrency","line":77,"loc":{"start":{"line":77,"column":4},"end":{"line":92,"column":4}}},"5":{"name":"addERC1155NFTCurrency","line":101,"loc":{"start":{"line":101,"column":4},"end":{"line":103,"column":4}}},"6":{"name":"_transferGenericCurrency","line":116,"loc":{"start":{"line":116,"column":4},"end":{"line":150,"column":4}}},"7":{"name":"_addCurrency","line":156,"loc":{"start":{"line":156,"column":4},"end":{"line":169,"column":4}}}},"statementMap":{"1":{"start":{"line":49,"column":8},"end":{"line":49,"column":70}},"2":{"start":{"line":57,"column":8},"end":{"line":57,"column":65}},"3":{"start":{"line":65,"column":8},"end":{"line":65,"column":66}},"4":{"start":{"line":82,"column":8},"end":{"line":82,"column":2619}},"5":{"start":{"line":88,"column":8},"end":{"line":88,"column":2771}},"6":{"start":{"line":89,"column":12},"end":{"line":89,"column":32}},"7":{"start":{"line":91,"column":8},"end":{"line":91,"column":22}},"8":{"start":{"line":102,"column":8},"end":{"line":102,"column":70}},"9":{"start":{"line":123,"column":8},"end":{"line":123,"column":4099}},"10":{"start":{"line":124,"column":12},"end":{"line":124,"column":4161}},"11":{"start":{"line":125,"column":16},"end":{"line":125,"column":68}},"12":{"start":{"line":127,"column":16},"end":{"line":127,"column":78}},"13":{"start":{"line":129,"column":15},"end":{"line":129,"column":4386}},"14":{"start":{"line":130,"column":12},"end":{"line":130,"column":75}},"15":{"start":{"line":131,"column":15},"end":{"line":131,"column":4526}},"16":{"start":{"line":132,"column":12},"end":{"line":132,"column":79}},"17":{"start":{"line":132,"column":36},"end":{"line":132,"column":78}},"18":{"start":{"line":133,"column":12},"end":{"line":133,"column":4676}},"19":{"start":{"line":140,"column":15},"end":{"line":140,"column":4865}},"20":{"start":{"line":141,"column":12},"end":{"line":141,"column":4932}},"21":{"start":{"line":149,"column":8},"end":{"line":149,"column":19}},"22":{"start":{"line":157,"column":8},"end":{"line":157,"column":25}},"23":{"start":{"line":158,"column":8},"end":{"line":158,"column":22}},"24":{"start":{"line":159,"column":8},"end":{"line":159,"column":5388}},"25":{"start":{"line":160,"column":12},"end":{"line":160,"column":32}},"26":{"start":{"line":161,"column":12},"end":{"line":161,"column":50}},"27":{"start":{"line":161,"column":34},"end":{"line":161,"column":49}},"28":{"start":{"line":163,"column":8},"end":{"line":163,"column":5545}}},"branchMap":{"1":{"line":88,"type":"if","locations":[{"start":{"line":88,"column":8},"end":{"line":88,"column":8}},{"start":{"line":88,"column":8},"end":{"line":88,"column":8}}]},"2":{"line":123,"type":"if","locations":[{"start":{"line":123,"column":8},"end":{"line":123,"column":8}},{"start":{"line":123,"column":8},"end":{"line":123,"column":8}}]},"3":{"line":124,"type":"if","locations":[{"start":{"line":124,"column":12},"end":{"line":124,"column":12}},{"start":{"line":124,"column":12},"end":{"line":124,"column":12}}]},"4":{"line":129,"type":"if","locations":[{"start":{"line":129,"column":15},"end":{"line":129,"column":15}},{"start":{"line":129,"column":15},"end":{"line":129,"column":15}}]},"5":{"line":131,"type":"if","locations":[{"start":{"line":131,"column":15},"end":{"line":131,"column":15}},{"start":{"line":131,"column":15},"end":{"line":131,"column":15}}]},"6":{"line":132,"type":"if","locations":[{"start":{"line":132,"column":12},"end":{"line":132,"column":12}},{"start":{"line":132,"column":12},"end":{"line":132,"column":12}}]},"7":{"line":140,"type":"if","locations":[{"start":{"line":140,"column":15},"end":{"line":140,"column":15}},{"start":{"line":140,"column":15},"end":{"line":140,"column":15}}]},"8":{"line":159,"type":"if","locations":[{"start":{"line":159,"column":8},"end":{"line":159,"column":8}},{"start":{"line":159,"column":8},"end":{"line":159,"column":8}}]},"9":{"line":161,"type":"if","locations":[{"start":{"line":161,"column":12},"end":{"line":161,"column":12}},{"start":{"line":161,"column":12},"end":{"line":161,"column":12}}]}}},
"contracts/exposed/CurrencyManagerExposed.sol":{"l":{"14":0},"path":"/home/runner/work/karmaToken/karmaToken/contracts/exposed/CurrencyManagerExposed.sol","s":{"1":0},"b":{},"f":{"1":0},"fnMap":{"1":{"name":"transferGenericCurrency","line":7,"loc":{"start":{"line":7,"column":4},"end":{"line":21,"column":4}}}},"statementMap":{"1":{"start":{"line":14,"column":8},"end":{"line":14,"column":347}}},"branchMap":{}},
"contracts/exposed/ERC1155Exposed.sol":{"l":{"14":0},"path":"/home/runner/work/karmaToken/karmaToken/contracts/exposed/ERC1155Exposed.sol","s":{"1":0},"b":{},"f":{"1":0,"2":0},"fnMap":{"1":{"name":"constructor","line":7,"loc":{"start":{"line":7,"column":4},"end":{"line":7,"column":35}}},"2":{"name":"mint","line":9,"loc":{"start":{"line":9,"column":4},"end":{"line":15,"column":4}}}},"statementMap":{"1":{"start":{"line":14,"column":8},"end":{"line":14,"column":32}}},"branchMap":{}},
"contracts/exposed/ERC20Exposed.sol":{"l":{"10":0},"path":"/home/runner/work/karmaToken/karmaToken/contracts/exposed/ERC20Exposed.sol","s":{"1":0},"b":{},"f":{"1":0,"2":0},"fnMap":{"1":{"name":"constructor","line":7,"loc":{"start":{"line":7,"column":4},"end":{"line":7,"column":40}}},"2":{"name":"mint","line":9,"loc":{"start":{"line":9,"column":4},"end":{"line":11,"column":4}}}},"statementMap":{"1":{"start":{"line":10,"column":8},"end":{"line":10,"column":24}}},"branchMap":{}},
"contracts/exposed/ERC721Exposed.sol":{"l":{"16":0},"path":"/home/runner/work/karmaToken/karmaToken/contracts/exposed/ERC721Exposed.sol","s":{"1":0},"b":{},"f":{"1":0,"2":0},"fnMap":{"1":{"name":"constructor","line":13,"loc":{"start":{"line":9,"column":4},"end":{"line":13,"column":36}}},"2":{"name":"mint","line":15,"loc":{"start":{"line":15,"column":4},"end":{"line":17,"column":4}}}},"statementMap":{"1":{"start":{"line":16,"column":8},"end":{"line":16,"column":25}}},"branchMap":{}},
"contracts/exposed/ERC721ReceiverExposed.sol":{"l":{"13":0,"14":0,"16":0},"path":"/home/runner/work/karmaToken/karmaToken/contracts/exposed/ERC721ReceiverExposed.sol","s":{"1":0,"2":0,"3":0},"b":{"1":[0,0]},"f":{"1":0},"fnMap":{"1":{"name":"onERC721Received","line":7,"loc":{"start":{"line":7,"column":4},"end":{"line":17,"column":4}}}},"statementMap":{"1":{"start":{"line":13,"column":8},"end":{"line":13,"column":364}},"2":{"start":{"line":14,"column":12},"end":{"line":14,"column":20}},"3":{"start":{"line":16,"column":8},"end":{"line":16,"column":56}}},"branchMap":{"1":{"line":13,"type":"if","locations":[{"start":{"line":13,"column":8},"end":{"line":13,"column":8}},{"start":{"line":13,"column":8},"end":{"line":13,"column":8}}]}}},
"contracts/exposed/SuperERC721Exposed.sol":{"l":{"16":0,"20":0},"path":"/home/runner/work/karmaToken/karmaToken/contracts/exposed/SuperERC721Exposed.sol","s":{"1":0,"2":0},"b":{},"f":{"1":0,"2":0,"3":0},"fnMap":{"1":{"name":"constructor","line":12,"loc":{"start":{"line":7,"column":4},"end":{"line":13,"column":5}}},"2":{"name":"mint","line":15,"loc":{"start":{"line":15,"column":4},"end":{"line":17,"column":4}}},"3":{"name":"mintBatch","line":19,"loc":{"start":{"line":19,"column":4},"end":{"line":21,"column":4}}}},"statementMap":{"1":{"start":{"line":16,"column":8},"end":{"line":16,"column":25}},"2":{"start":{"line":20,"column":8},"end":{"line":20,"column":26}}},"branchMap":{}},
"contracts/LBondManager.sol":{"l":{"27":1,"42":1,"43":1,"44":1,"45":1,"54":1,"55":1,"56":1,"57":1,"58":1,"59":1,"68":1,"70":1,"75":1,"84":1,"95":1,"96":1,"97":1,"98":1,"99":1,"100":1,"105":1,"115":1,"116":1,"117":1,"118":1,"119":1,"120":1,"124":1,"134":0,"135":0,"143":0,"144":0,"152":0,"153":0,"167":1,"168":1,"169":1,"170":1,"171":1,"172":1,"180":1,"181":1,"182":1,"183":1,"184":1,"197":1,"198":1,"230":1,"232":1,"233":1,"234":1,"235":0,"236":0,"238":1,"239":0,"240":0,"242":1,"243":0,"244":0,"246":1,"250":1,"252":1,"256":1,"258":1,"289":1,"290":1,"291":1,"292":0,"293":0,"295":1,"296":0,"297":0,"299":1,"300":0,"301":0,"303":1,"307":1,"309":1,"310":1,"315":1,"316":1,"317":1,"318":0,"319":0,"321":1,"322":0,"323":0,"325":1,"326":0,"327":0,"329":1,"333":1,"335":1,"351":0,"359":0},"path":"/home/runner/work/karmaToken/karmaToken/contracts/LBondManager.sol","s":{"1":1,"2":1,"3":1,"4":1,"5":1,"6":1,"7":1,"8":1,"9":1,"10":0,"11":1,"12":0,"13":1,"14":0,"15":1,"16":1,"17":1,"18":1,"19":1,"20":1,"21":1,"22":1,"23":0,"24":1,"25":0,"26":1,"27":0,"28":1,"29":1,"30":1,"31":1,"32":1,"33":0,"34":1,"35":0,"36":1,"37":0,"38":1,"39":0,"40":0,"41":0,"42":0,"43":0,"44":0,"45":1,"46":1,"47":1,"48":1,"49":1,"50":1,"51":1,"52":1,"53":1,"54":1,"55":1,"56":1,"57":1,"58":1,"59":1,"60":1,"61":1,"62":0,"63":0,"64":1,"65":0,"66":0,"67":1,"68":0,"69":0,"70":1,"71":1,"72":1,"73":1,"74":1,"75":1,"76":1,"77":1,"78":0,"79":0,"80":1,"81":0,"82":0,"83":1,"84":0,"85":0,"86":1,"87":1,"88":1,"89":1,"90":1,"91":1,"92":1,"93":0,"94":0,"95":1,"96":0,"97":0,"98":1,"99":0,"100":0,"101":1,"102":1,"103":1,"104":0,"105":0},"b":{"1":[1,0],"2":[0,1],"3":[0,1],"4":[0,1],"5":[0,1],"6":[0,1],"7":[0,1],"8":[0,1],"9":[0,1],"10":[0,1],"11":[0,1],"12":[0,1],"13":[0,1],"14":[1,0],"15":[1,0],"16":[0,1],"17":[0,1],"18":[0,1],"19":[1,0],"20":[1,0],"21":[0,1],"22":[0,1],"23":[0,1],"24":[1,0]},"f":{"1":1,"2":1,"3":1,"4":1,"5":1,"6":1,"7":1,"8":1,"9":1,"10":1,"11":0,"12":0,"13":0,"14":1,"15":1,"16":1,"17":1,"18":1,"19":0},"fnMap":{"1":{"name":"supportedFormat","line":26,"loc":{"start":{"line":26,"column":4},"end":{"line":28,"column":4}}},"2":{"name":"readFormatAndFlag","line":36,"loc":{"start":{"line":36,"column":4},"end":{"line":46,"column":4}}},"3":{"name":"readCouponSize","line":48,"loc":{"start":{"line":48,"column":4},"end":{"line":60,"column":4}}},"4":{"name":"readPeriodData","line":62,"loc":{"start":{"line":62,"column":4},"end":{"line":71,"column":4}}},"5":{"name":"readCurrency","line":73,"loc":{"start":{"line":73,"column":4},"end":{"line":76,"column":4}}},"6":{"name":"readBeneficiary","line":78,"loc":{"start":{"line":78,"column":4},"end":{"line":85,"column":4}}},"7":{"name":"readFaceValue","line":89,"loc":{"start":{"line":89,"column":4},"end":{"line":101,"column":4}}},"8":{"name":"readStartTime","line":103,"loc":{"start":{"line":103,"column":4},"end":{"line":106,"column":4}}},"9":{"name":"readPeriodDuration","line":108,"loc":{"start":{"line":108,"column":4},"end":{"line":121,"column":4}}},"10":{"name":"readMinter","line":123,"loc":{"start":{"line":123,"column":4},"end":{"line":125,"column":4}}},"11":{"name":"writeFlag","line":133,"loc":{"start":{"line":133,"column":4},"end":{"line":136,"column":4}}},"12":{"name":"writeCurPeriod","line":138,"loc":{"start":{"line":138,"column":4},"end":{"line":145,"column":4}}},"13":{"name":"writeBeneficiary","line":147,"loc":{"start":{"line":147,"column":4},"end":{"line":154,"column":4}}},"14":{"name":"fillBondFromAlpha","line":162,"loc":{"start":{"line":162,"column":4},"end":{"line":173,"column":4}}},"15":{"name":"fillBondFromBeta","line":175,"loc":{"start":{"line":175,"column":4},"end":{"line":185,"column":4}}},"16":{"name":"readBond","line":192,"loc":{"start":{"line":192,"column":4},"end":{"line":199,"column":4}}},"17":{"name":"buildAlpha","line":222,"loc":{"start":{"line":222,"column":4},"end":{"line":269,"column":4}}},"18":{"name":"buildBeta","line":283,"loc":{"start":{"line":283,"column":4},"end":{"line":344,"column":4}}},"19":{"name":"buildBondBytes","line":346,"loc":{"start":{"line":346,"column":4},"end":{"line":360,"column":4}}}},"statementMap":{"1":{"start":{"line":27,"column":8},"end":{"line":27,"column":16}},"2":{"start":{"line":42,"column":8},"end":{"line":42,"column":45}},"3":{"start":{"line":43,"column":8},"end":{"line":43,"column":44}},"4":{"start":{"line":44,"column":8},"end":{"line":44,"column":74}},"5":{"start":{"line":45,"column":8},"end":{"line":45,"column":49}},"6":{"start":{"line":54,"column":8},"end":{"line":54,"column":44}},"7":{"start":{"line":55,"column":8},"end":{"line":55,"column":57}},"8":{"start":{"line":56,"column":8},"end":{"line":56,"column":45}},"9":{"start":{"line":57,"column":8},"end":{"line":57,"column":49}},"10":{"start":{"line":57,"column":29},"end":{"line":57,"column":48}},"11":{"start":{"line":58,"column":8},"end":{"line":58,"column":57}},"12":{"start":{"line":58,"column":29},"end":{"line":58,"column":56}},"13":{"start":{"line":59,"column":8},"end":{"line":59,"column":50}},"14":{"start":{"line":59,"column":29},"end":{"line":59,"column":49}},"15":{"start":{"line":68,"column":8},"end":{"line":68,"column":49}},"16":{"start":{"line":70,"column":8},"end":{"line":70,"column":55}},"17":{"start":{"line":75,"column":8},"end":{"line":75,"column":69}},"18":{"start":{"line":84,"column":8},"end":{"line":84,"column":63}},"19":{"start":{"line":95,"column":8},"end":{"line":95,"column":38}},"20":{"start":{"line":96,"column":8},"end":{"line":96,"column":49}},"21":{"start":{"line":97,"column":8},"end":{"line":97,"column":49}},"22":{"start":{"line":98,"column":8},"end":{"line":98,"column":47}},"23":{"start":{"line":98,"column":28},"end":{"line":98,"column":46}},"24":{"start":{"line":99,"column":8},"end":{"line":99,"column":55}},"25":{"start":{"line":99,"column":28},"end":{"line":99,"column":54}},"26":{"start":{"line":100,"column":8},"end":{"line":100,"column":48}},"27":{"start":{"line":100,"column":28},"end":{"line":100,"column":47}},"28":{"start":{"line":105,"column":8},"end":{"line":105,"column":56}},"29":{"start":{"line":115,"column":8},"end":{"line":115,"column":54}},"30":{"start":{"line":116,"column":8},"end":{"line":116,"column":61}},"31":{"start":{"line":117,"column":8},"end":{"line":117,"column":53}},"32":{"start":{"line":118,"column":8},"end":{"line":118,"column":51}},"33":{"start":{"line":118,"column":31},"end":{"line":118,"column":50}},"34":{"start":{"line":119,"column":8},"end":{"line":119,"column":56}},"35":{"start":{"line":119,"column":31},"end":{"line":119,"column":55}},"36":{"start":{"line":120,"column":8},"end":{"line":120,"column":61}},"37":{"start":{"line":120,"column":31},"end":{"line":120,"column":60}},"38":{"start":{"line":124,"column":8},"end":{"line":124,"column":54}},"39":{"start":{"line":134,"column":8},"end":{"line":134,"column":80}},"40":{"start":{"line":135,"column":8},"end":{"line":135,"column":50}},"41":{"start":{"line":143,"column":8},"end":{"line":143,"column":80}},"42":{"start":{"line":144,"column":8},"end":{"line":144,"column":66}},"43":{"start":{"line":152,"column":8},"end":{"line":152,"column":80}},"44":{"start":{"line":153,"column":8},"end":{"line":153,"column":79}},"45":{"start":{"line":167,"column":8},"end":{"line":167,"column":42}},"46":{"start":{"line":168,"column":8},"end":{"line":168,"column":41}},"47":{"start":{"line":169,"column":8},"end":{"line":169,"column":54}},"48":{"start":{"line":170,"column":8},"end":{"line":170,"column":40}},"49":{"start":{"line":171,"column":8},"end":{"line":171,"column":43}},"50":{"start":{"line":172,"column":8},"end":{"line":172,"column":16}},"51":{"start":{"line":180,"column":8},"end":{"line":180,"column":39}},"52":{"start":{"line":181,"column":8},"end":{"line":181,"column":39}},"53":{"start":{"line":182,"column":8},"end":{"line":182,"column":49}},"54":{"start":{"line":183,"column":8},"end":{"line":183,"column":33}},"55":{"start":{"line":184,"column":8},"end":{"line":184,"column":16}},"56":{"start":{"line":197,"column":8},"end":{"line":197,"column":36}},"57":{"start":{"line":198,"column":8},"end":{"line":198,"column":35}},"58":{"start":{"line":230,"column":8},"end":{"line":230,"column":40}},"59":{"start":{"line":232,"column":8},"end":{"line":232,"column":33}},"60":{"start":{"line":233,"column":8},"end":{"line":233,"column":49}},"61":{"start":{"line":234,"column":8},"end":{"line":234,"column":7428}},"62":{"start":{"line":235,"column":12},"end":{"line":235,"column":29}},"63":{"start":{"line":236,"column":12},"end":{"line":236,"column":54}},"64":{"start":{"line":238,"column":8},"end":{"line":238,"column":7561}},"65":{"start":{"line":239,"column":12},"end":{"line":239,"column":29}},"66":{"start":{"line":240,"column":12},"end":{"line":240,"column":64}},"67":{"start":{"line":242,"column":8},"end":{"line":242,"column":7713}},"68":{"start":{"line":243,"column":12},"end":{"line":243,"column":29}},"69":{"start":{"line":244,"column":12},"end":{"line":244,"column":55}},"70":{"start":{"line":246,"column":8},"end":{"line":246,"column":7866}},"71":{"start":{"line":250,"column":8},"end":{"line":250,"column":63}},"72":{"start":{"line":252,"column":8},"end":{"line":252,"column":8055}},"73":{"start":{"line":256,"column":8},"end":{"line":256,"column":51}},"74":{"start":{"line":258,"column":8},"end":{"line":258,"column":8235}},"75":{"start":{"line":289,"column":8},"end":{"line":289,"column":32}},"76":{"start":{"line":290,"column":8},"end":{"line":290,"column":47}},"77":{"start":{"line":291,"column":8},"end":{"line":291,"column":9306}},"78":{"start":{"line":292,"column":12},"end":{"line":292,"column":28}},"79":{"start":{"line":293,"column":12},"end":{"line":293,"column":52}},"80":{"start":{"line":295,"column":8},"end":{"line":295,"column":9435}},"81":{"start":{"line":296,"column":12},"end":{"line":296,"column":28}},"82":{"start":{"line":297,"column":12},"end":{"line":297,"column":62}},"83":{"start":{"line":299,"column":8},"end":{"line":299,"column":9583}},"84":{"start":{"line":300,"column":12},"end":{"line":300,"column":28}},"85":{"start":{"line":301,"column":12},"end":{"line":301,"column":53}},"86":{"start":{"line":303,"column":8},"end":{"line":303,"column":9732}},"87":{"start":{"line":307,"column":8},"end":{"line":307,"column":60}},"88":{"start":{"line":309,"column":8},"end":{"line":309,"column":47}},"89":{"start":{"line":310,"column":8},"end":{"line":310,"column":9965}},"90":{"start":{"line":315,"column":8},"end":{"line":315,"column":37}},"91":{"start":{"line":316,"column":8},"end":{"line":316,"column":57}},"92":{"start":{"line":317,"column":8},"end":{"line":317,"column":10181}},"93":{"start":{"line":318,"column":12},"end":{"line":318,"column":33}},"94":{"start":{"line":319,"column":12},"end":{"line":319,"column":58}},"95":{"start":{"line":321,"column":8},"end":{"line":321,"column":10326}},"96":{"start":{"line":322,"column":12},"end":{"line":322,"column":33}},"97":{"start":{"line":323,"column":12},"end":{"line":323,"column":65}},"98":{"start":{"line":325,"column":8},"end":{"line":325,"column":10483}},"99":{"start":{"line":326,"column":12},"end":{"line":326,"column":33}},"100":{"start":{"line":327,"column":12},"end":{"line":327,"column":70}},"101":{"start":{"line":329,"column":8},"end":{"line":329,"column":10650}},"102":{"start":{"line":333,"column":8},"end":{"line":333,"column":75}},"103":{"start":{"line":335,"column":8},"end":{"line":335,"column":10864}},"104":{"start":{"line":351,"column":8},"end":{"line":351,"column":11227}},"105":{"start":{"line":359,"column":8},"end":{"line":359,"column":76}}},"branchMap":{"1":{"line":44,"type":"if","locations":[{"start":{"line":44,"column":8},"end":{"line":44,"column":8}},{"start":{"line":44,"column":8},"end":{"line":44,"column":8}}]},"2":{"line":57,"type":"if","locations":[{"start":{"line":57,"column":8},"end":{"line":57,"column":8}},{"start":{"line":57,"column":8},"end":{"line":57,"column":8}}]},"3":{"line":58,"type":"if","locations":[{"start":{"line":58,"column":8},"end":{"line":58,"column":8}},{"start":{"line":58,"column":8},"end":{"line":58,"column":8}}]},"4":{"line":59,"type":"if","locations":[{"start":{"line":59,"column":8},"end":{"line":59,"column":8}},{"start":{"line":59,"column":8},"end":{"line":59,"column":8}}]},"5":{"line":98,"type":"if","locations":[{"start":{"line":98,"column":8},"end":{"line":98,"column":8}},{"start":{"line":98,"column":8},"end":{"line":98,"column":8}}]},"6":{"line":99,"type":"if","locations":[{"start":{"line":99,"column":8},"end":{"line":99,"column":8}},{"start":{"line":99,"column":8},"end":{"line":99,"column":8}}]},"7":{"line":100,"type":"if","locations":[{"start":{"line":100,"column":8},"end":{"line":100,"column":8}},{"start":{"line":100,"column":8},"end":{"line":100,"column":8}}]},"8":{"line":118,"type":"if","locations":[{"start":{"line":118,"column":8},"end":{"line":118,"column":8}},{"start":{"line":118,"column":8},"end":{"line":118,"column":8}}]},"9":{"line":119,"type":"if","locations":[{"start":{"line":119,"column":8},"end":{"line":119,"column":8}},{"start":{"line":119,"column":8},"end":{"line":119,"column":8}}]},"10":{"line":120,"type":"if","locations":[{"start":{"line":120,"column":8},"end":{"line":120,"column":8}},{"start":{"line":120,"column":8},"end":{"line":120,"column":8}}]},"11":{"line":234,"type":"if","locations":[{"start":{"line":234,"column":8},"end":{"line":234,"column":8}},{"start":{"line":234,"column":8},"end":{"line":234,"column":8}}]},"12":{"line":238,"type":"if","locations":[{"start":{"line":238,"column":8},"end":{"line":238,"column":8}},{"start":{"line":238,"column":8},"end":{"line":238,"column":8}}]},"13":{"line":242,"type":"if","locations":[{"start":{"line":242,"column":8},"end":{"line":242,"column":8}},{"start":{"line":242,"column":8},"end":{"line":242,"column":8}}]},"14":{"line":246,"type":"if","locations":[{"start":{"line":246,"column":8},"end":{"line":246,"column":8}},{"start":{"line":246,"column":8},"end":{"line":246,"column":8}}]},"15":{"line":252,"type":"if","locations":[{"start":{"line":252,"column":8},"end":{"line":252,"column":8}},{"start":{"line":252,"column":8},"end":{"line":252,"column":8}}]},"16":{"line":291,"type":"if","locations":[{"start":{"line":291,"column":8},"end":{"line":291,"column":8}},{"start":{"line":291,"column":8},"end":{"line":291,"column":8}}]},"17":{"line":295,"type":"if","locations":[{"start":{"line":295,"column":8},"end":{"line":295,"column":8}},{"start":{"line":295,"column":8},"end":{"line":295,"column":8}}]},"18":{"line":299,"type":"if","locations":[{"start":{"line":299,"column":8},"end":{"line":299,"column":8}},{"start":{"line":299,"column":8},"end":{"line":299,"column":8}}]},"19":{"line":303,"type":"if","locations":[{"start":{"line":303,"column":8},"end":{"line":303,"column":8}},{"start":{"line":303,"column":8},"end":{"line":303,"column":8}}]},"20":{"line":310,"type":"if","locations":[{"start":{"line":310,"column":8},"end":{"line":310,"column":8}},{"start":{"line":310,"column":8},"end":{"line":310,"column":8}}]},"21":{"line":317,"type":"if","locations":[{"start":{"line":317,"column":8},"end":{"line":317,"column":8}},{"start":{"line":317,"column":8},"end":{"line":317,"column":8}}]},"22":{"line":321,"type":"if","locations":[{"start":{"line":321,"column":8},"end":{"line":321,"column":8}},{"start":{"line":321,"column":8},"end":{"line":321,"column":8}}]},"23":{"line":325,"type":"if","locations":[{"start":{"line":325,"column":8},"end":{"line":325,"column":8}},{"start":{"line":325,"column":8},"end":{"line":325,"column":8}}]},"24":{"line":329,"type":"if","locations":[{"start":{"line":329,"column":8},"end":{"line":329,"column":8}},{"start":{"line":329,"column":8},"end":{"line":329,"column":8}}]}}},
"contracts/LifecycleManager.sol":{"l":{"48":0,"49":0,"53":0,"54":0,"56":0,"60":0,"61":0,"64":0,"92":0,"93":0,"94":0,"95":0,"99":0,"101":0,"102":0,"103":0,"104":0,"105":0,"107":0,"108":0,"109":0,"110":0,"112":0,"114":0,"135":0,"136":0,"151":0,"152":0,"165":0,"166":0,"169":0,"173":0,"178":0,"179":0,"188":0,"189":0,"190":0,"191":0,"204":0,"205":0,"206":0,"207":0,"208":0,"209":0},"path":"/home/runner/work/karmaToken/karmaToken/contracts/LifecycleManager.sol","s":{"1":0,"2":0,"3":0,"4":0,"5":0,"6":0,"7":0,"8":0,"9":0,"10":0,"11":0,"12":0,"13":0,"14":0,"15":0,"16":0,"17":0,"18":0,"19":0,"20":0,"21":0,"22":0,"23":0,"24":0,"25":0,"26":0,"27":0,"28":0,"29":0,"30":0,"31":0,"32":0,"33":0,"34":0,"35":0,"36":0,"37":0,"38":0,"39":0,"40":0,"41":0,"42":0,"43":0,"44":0},"b":{"1":[0,0],"2":[0,0],"3":[0,0],"4":[0,0],"5":[0,0],"6":[0,0],"7":[0,0],"8":[0,0],"9":[0,0],"10":[0,0],"11":[0,0]},"f":{"1":0,"2":0,"3":0,"4":0,"5":0,"6":0,"7":0,"8":0},"fnMap":{"1":{"name":"constructor","line":29,"loc":{"start":{"line":24,"column":4},"end":{"line":30,"column":5}}},"2":{"name":"_updateBondPeriod","line":41,"loc":{"start":{"line":41,"column":4},"end":{"line":68,"column":4}}},"3":{"name":"serviceBond","line":83,"loc":{"start":{"line":83,"column":4},"end":{"line":115,"column":4}}},"4":{"name":"onERC1155Received","line":127,"loc":{"start":{"line":127,"column":4},"end":{"line":137,"column":4}}},"5":{"name":"onERC721Received","line":145,"loc":{"start":{"line":145,"column":4},"end":{"line":153,"column":4}}},"6":{"name":"callBond","line":163,"loc":{"start":{"line":163,"column":4},"end":{"line":180,"column":4}}},"7":{"name":"forgiveBond","line":187,"loc":{"start":{"line":187,"column":4},"end":{"line":192,"column":4}}},"8":{"name":"destroyBond","line":199,"loc":{"start":{"line":199,"column":4},"end":{"line":210,"column":4}}}},"statementMap":{"1":{"start":{"line":48,"column":8},"end":{"line":48,"column":58}},"2":{"start":{"line":49,"column":8},"end":{"line":49,"column":1588}},"3":{"start":{"line":53,"column":8},"end":{"line":53,"column":34}},"4":{"start":{"line":54,"column":8},"end":{"line":54,"column":1744}},"5":{"start":{"line":56,"column":12},"end":{"line":56,"column":1888}},"6":{"start":{"line":60,"column":16},"end":{"line":60,"column":43}},"7":{"start":{"line":61,"column":16},"end":{"line":61,"column":38}},"8":{"start":{"line":62,"column":19},"end":{"line":62,"column":42}},"9":{"start":{"line":64,"column":8},"end":{"line":64,"column":56}},"10":{"start":{"line":92,"column":8},"end":{"line":92,"column":21}},"11":{"start":{"line":93,"column":8},"end":{"line":93,"column":37}},"12":{"start":{"line":94,"column":8},"end":{"line":94,"column":37}},"13":{"start":{"line":95,"column":8},"end":{"line":95,"column":3339}},"14":{"start":{"line":99,"column":8},"end":{"line":99,"column":3458}},"15":{"start":{"line":101,"column":12},"end":{"line":101,"column":37}},"16":{"start":{"line":102,"column":12},"end":{"line":102,"column":37}},"17":{"start":{"line":103,"column":12},"end":{"line":103,"column":49}},"18":{"start":{"line":104,"column":12},"end":{"line":104,"column":69}},"19":{"start":{"line":105,"column":12},"end":{"line":105,"column":73}},"20":{"start":{"line":107,"column":12},"end":{"line":107,"column":58}},"21":{"start":{"line":108,"column":12},"end":{"line":108,"column":45}},"22":{"start":{"line":109,"column":12},"end":{"line":109,"column":3984}},"23":{"start":{"line":110,"column":16},"end":{"line":110,"column":49}},"24":{"start":{"line":111,"column":17},"end":{"line":111,"column":54}},"25":{"start":{"line":112,"column":12},"end":{"line":112,"column":72}},"26":{"start":{"line":114,"column":8},"end":{"line":114,"column":48}},"27":{"start":{"line":135,"column":8},"end":{"line":135,"column":56}},"28":{"start":{"line":135,"column":39},"end":{"line":135,"column":56}},"29":{"start":{"line":136,"column":8},"end":{"line":136,"column":18}},"30":{"start":{"line":151,"column":8},"end":{"line":151,"column":76}},"31":{"start":{"line":151,"column":39},"end":{"line":151,"column":76}},"32":{"start":{"line":152,"column":8},"end":{"line":152,"column":18}},"33":{"start":{"line":165,"column":8},"end":{"line":165,"column":37}},"34":{"start":{"line":166,"column":8},"end":{"line":166,"column":5779}},"35":{"start":{"line":169,"column":8},"end":{"line":169,"column":5907}},"36":{"start":{"line":173,"column":8},"end":{"line":173,"column":6058}},"37":{"start":{"line":178,"column":8},"end":{"line":178,"column":44}},"38":{"start":{"line":179,"column":8},"end":{"line":179,"column":30}},"39":{"start":{"line":188,"column":8},"end":{"line":188,"column":37}},"40":{"start":{"line":189,"column":8},"end":{"line":189,"column":47}},"41":{"start":{"line":190,"column":8},"end":{"line":190,"column":52}},"42":{"start":{"line":191,"column":8},"end":{"line":191,"column":30}},"43":{"start":{"line":206,"column":8},"end":{"line":206,"column":35}},"44":{"start":{"line":209,"column":8},"end":{"line":209,"column":28}}},"branchMap":{"1":{"line":49,"type":"if","locations":[{"start":{"line":49,"column":8},"end":{"line":49,"column":8}},{"start":{"line":49,"column":8},"end":{"line":49,"column":8}}]},"2":{"line":54,"type":"if","locations":[{"start":{"line":54,"column":8},"end":{"line":54,"column":8}},{"start":{"line":54,"column":8},"end":{"line":54,"column":8}}]},"3":{"line":56,"type":"if","locations":[{"start":{"line":56,"column":12},"end":{"line":56,"column":12}},{"start":{"line":56,"column":12},"end":{"line":56,"column":12}}]},"4":{"line":95,"type":"if","locations":[{"start":{"line":95,"column":8},"end":{"line":95,"column":8}},{"start":{"line":95,"column":8},"end":{"line":95,"column":8}}]},"5":{"line":99,"type":"if","locations":[{"start":{"line":99,"column":8},"end":{"line":99,"column":8}},{"start":{"line":99,"column":8},"end":{"line":99,"column":8}}]},"6":{"line":105,"type":"if","locations":[{"start":{"line":105,"column":12},"end":{"line":105,"column":12}},{"start":{"line":105,"column":12},"end":{"line":105,"column":12}}]},"7":{"line":109,"type":"if","locations":[{"start":{"line":109,"column":12},"end":{"line":109,"column":12}},{"start":{"line":109,"column":12},"end":{"line":109,"column":12}}]},"8":{"line":135,"type":"if","locations":[{"start":{"line":135,"column":8},"end":{"line":135,"column":8}},{"start":{"line":135,"column":8},"end":{"line":135,"column":8}}]},"9":{"line":151,"type":"if","locations":[{"start":{"line":151,"column":8},"end":{"line":151,"column":8}},{"start":{"line":151,"column":8},"end":{"line":151,"column":8}}]},"10":{"line":169,"type":"if","locations":[{"start":{"line":169,"column":8},"end":{"line":169,"column":8}},{"start":{"line":169,"column":8},"end":{"line":169,"column":8}}]},"11":{"line":173,"type":"if","locations":[{"start":{"line":173,"column":8},"end":{"line":173,"column":8}},{"start":{"line":173,"column":8},"end":{"line":173,"column":8}}]}}},
"contracts/MonetizedBondNFT.sol":{"l":{"37":0,"38":0,"47":0,"48":0,"66":0,"67":0,"76":0,"80":0},"path":"/home/runner/work/karmaToken/karmaToken/contracts/MonetizedBondNFT.sol","s":{"1":0,"2":0,"3":0,"4":0,"5":0,"6":0,"7":0,"8":0},"b":{"1":[0,0],"2":[0,0]},"f":{"1":0,"2":0,"3":0,"4":0,"5":0},"fnMap":{"1":{"name":"constructor","line":28,"loc":{"start":{"line":23,"column":4},"end":{"line":29,"column":5}}},"2":{"name":"setMintFee","line":36,"loc":{"start":{"line":36,"column":4},"end":{"line":39,"column":4}}},"3":{"name":"setServiceFee","line":46,"loc":{"start":{"line":46,"column":4},"end":{"line":49,"column":4}}},"4":{"name":"withdrawValue","line":64,"loc":{"start":{"line":60,"column":4},"end":{"line":68,"column":4}}},"5":{"name":"mintBond","line":75,"loc":{"start":{"line":75,"column":4},"end":{"line":81,"column":4}}}},"statementMap":{"1":{"start":{"line":37,"column":8},"end":{"line":37,"column":23}},"2":{"start":{"line":38,"column":8},"end":{"line":38,"column":35}},"3":{"start":{"line":47,"column":8},"end":{"line":47,"column":26}},"4":{"start":{"line":48,"column":8},"end":{"line":48,"column":38}},"5":{"start":{"line":66,"column":8},"end":{"line":66,"column":50}},"6":{"start":{"line":67,"column":8},"end":{"line":67,"column":60}},"7":{"start":{"line":76,"column":8},"end":{"line":76,"column":2503}},"8":{"start":{"line":80,"column":8},"end":{"line":80,"column":34}}},"branchMap":{"1":{"line":67,"type":"if","locations":[{"start":{"line":67,"column":8},"end":{"line":67,"column":8}},{"start":{"line":67,"column":8},"end":{"line":67,"column":8}}]},"2":{"line":76,"type":"if","locations":[{"start":{"line":76,"column":8},"end":{"line":76,"column":8}},{"start":{"line":76,"column":8},"end":{"line":76,"column":8}}]}}},
"contracts/tokens/ERC721.sol":{"l":{"40":0,"41":0,"47":0,"51":0,"52":0,"60":0,"71":0,"82":0,"83":0,"84":0,"97":0,"113":0,"117":0,"130":0,"143":0,"155":0,"156":0,"157":0,"170":0,"175":0,"189":0,"190":0,"203":0,"214":0,"225":0,"252":0,"253":0,"269":0,"270":0,"272":0,"273":0,"275":0,"276":0,"290":0,"293":0,"295":0,"296":0,"298":0,"317":0,"321":0,"324":0,"326":0,"327":0,"328":0,"330":0,"339":0,"340":0,"358":0,"359":0,"367":0,"368":0,"371":0,"373":0},"path":"/home/runner/work/karmaToken/karmaToken/contracts/tokens/ERC721.sol","s":{"1":0,"2":0,"3":0,"4":0,"5":0,"6":0,"7":0,"8":0,"9":0,"10":0,"11":0,"12":0,"13":0,"14":0,"15":0,"16":0,"17":0,"18":0,"19":0,"20":0,"21":0,"22":0,"23":0,"24":0,"25":0,"26":0,"27":0,"28":0,"29":0,"30":0,"31":0,"32":0,"33":0,"34":0,"35":0,"36":0,"37":0,"38":0,"39":0,"40":0,"41":0,"42":0,"43":0,"44":0,"45":0,"46":0,"47":0,"48":0,"49":0,"50":0},"b":{"1":[0,0],"2":[0,0],"3":[0,0],"4":[0,0],"5":[0,0],"6":[0,0],"7":[0,0],"8":[0,0],"9":[0,0],"10":[0,0],"11":[0,0]},"f":{"1":0,"2":0,"3":0,"4":0,"5":0,"6":0,"7":0,"8":0,"9":0,"10":0,"11":0,"12":0,"13":0,"14":0,"15":0,"16":0,"17":0,"18":0,"19":0,"20":0,"21":0},"fnMap":{"1":{"name":"onlyValidOperator","line":39,"loc":{"start":{"line":39,"column":4},"end":{"line":48,"column":4}}},"2":{"name":"onlyTokenOwner","line":50,"loc":{"start":{"line":50,"column":4},"end":{"line":53,"column":4}}},"3":{"name":"_ownerOrOperatorOf","line":55,"loc":{"start":{"line":55,"column":4},"end":{"line":64,"column":4}}},"4":{"name":"_minterOrOperatorOf","line":66,"loc":{"start":{"line":66,"column":4},"end":{"line":72,"column":4}}},"5":{"name":"constructor","line":77,"loc":{"start":{"line":77,"column":4},"end":{"line":85,"column":4}}},"6":{"name":"supportsInterface","line":90,"loc":{"start":{"line":90,"column":4},"end":{"line":101,"column":4}}},"7":{"name":"balanceOf","line":106,"loc":{"start":{"line":106,"column":4},"end":{"line":118,"column":4}}},"8":{"name":"ownerOf","line":123,"loc":{"start":{"line":123,"column":4},"end":{"line":131,"column":4}}},"9":{"name":"tokenURI","line":136,"loc":{"start":{"line":136,"column":4},"end":{"line":144,"column":4}}},"10":{"name":"approve","line":153,"loc":{"start":{"line":149,"column":4},"end":{"line":158,"column":4}}},"11":{"name":"getApproved","line":163,"loc":{"start":{"line":163,"column":4},"end":{"line":176,"column":4}}},"12":{"name":"setApprovalForAll","line":183,"loc":{"start":{"line":183,"column":4},"end":{"line":191,"column":4}}},"13":{"name":"isApprovedForAll","line":196,"loc":{"start":{"line":196,"column":4},"end":{"line":204,"column":4}}},"14":{"name":"transferFrom","line":213,"loc":{"start":{"line":209,"column":4},"end":{"line":215,"column":4}}},"15":{"name":"safeTransferFrom","line":220,"loc":{"start":{"line":220,"column":4},"end":{"line":226,"column":4}}},"16":{"name":"safeTransferFrom","line":251,"loc":{"start":{"line":246,"column":4},"end":{"line":254,"column":4}}},"17":{"name":"_mint","line":268,"loc":{"start":{"line":268,"column":4},"end":{"line":277,"column":4}}},"18":{"name":"_burn","line":289,"loc":{"start":{"line":289,"column":4},"end":{"line":299,"column":4}}},"19":{"name":"_transfer","line":312,"loc":{"start":{"line":312,"column":4},"end":{"line":331,"column":4}}},"20":{"name":"_approve","line":338,"loc":{"start":{"line":338,"column":4},"end":{"line":341,"column":4}}},"21":{"name":"_checkOnERC721Received","line":352,"loc":{"start":{"line":352,"column":4},"end":{"line":376,"column":4}}}},"statementMap":{"1":{"start":{"line":40,"column":8},"end":{"line":40,"column":35}},"2":{"start":{"line":41,"column":8},"end":{"line":41,"column":1372}},"3":{"start":{"line":51,"column":8},"end":{"line":51,"column":72}},"4":{"start":{"line":60,"column":8},"end":{"line":60,"column":1924}},"5":{"start":{"line":71,"column":8},"end":{"line":71,"column":73}},"6":{"start":{"line":82,"column":8},"end":{"line":82,"column":19}},"7":{"start":{"line":83,"column":8},"end":{"line":83,"column":23}},"8":{"start":{"line":84,"column":8},"end":{"line":84,"column":18}},"9":{"start":{"line":97,"column":8},"end":{"line":97,"column":2808}},"10":{"start":{"line":113,"column":8},"end":{"line":113,"column":3144}},"11":{"start":{"line":117,"column":8},"end":{"line":117,"column":31}},"12":{"start":{"line":130,"column":8},"end":{"line":130,"column":31}},"13":{"start":{"line":143,"column":8},"end":{"line":143,"column":19}},"14":{"start":{"line":155,"column":8},"end":{"line":155,"column":40}},"15":{"start":{"line":156,"column":8},"end":{"line":156,"column":64}},"16":{"start":{"line":157,"column":8},"end":{"line":157,"column":28}},"17":{"start":{"line":170,"column":8},"end":{"line":170,"column":4266}},"18":{"start":{"line":175,"column":8},"end":{"line":175,"column":39}},"19":{"start":{"line":189,"column":8},"end":{"line":189,"column":58}},"20":{"start":{"line":190,"column":8},"end":{"line":190,"column":59}},"21":{"start":{"line":203,"column":8},"end":{"line":203,"column":50}},"22":{"start":{"line":214,"column":8},"end":{"line":214,"column":35}},"23":{"start":{"line":225,"column":8},"end":{"line":225,"column":46}},"24":{"start":{"line":252,"column":8},"end":{"line":252,"column":35}},"25":{"start":{"line":253,"column":8},"end":{"line":253,"column":55}},"26":{"start":{"line":269,"column":8},"end":{"line":269,"column":68}},"27":{"start":{"line":270,"column":8},"end":{"line":270,"column":78}},"28":{"start":{"line":272,"column":8},"end":{"line":272,"column":25}},"29":{"start":{"line":273,"column":8},"end":{"line":273,"column":28}},"30":{"start":{"line":275,"column":8},"end":{"line":275,"column":46}},"31":{"start":{"line":276,"column":8},"end":{"line":276,"column":58}},"32":{"start":{"line":290,"column":8},"end":{"line":290,"column":40}},"33":{"start":{"line":293,"column":8},"end":{"line":293,"column":36}},"34":{"start":{"line":295,"column":8},"end":{"line":295,"column":28}},"35":{"start":{"line":298,"column":8},"end":{"line":298,"column":49}},"36":{"start":{"line":317,"column":8},"end":{"line":317,"column":8452}},"37":{"start":{"line":321,"column":8},"end":{"line":321,"column":72}},"38":{"start":{"line":324,"column":8},"end":{"line":324,"column":36}},"39":{"start":{"line":326,"column":8},"end":{"line":326,"column":27}},"40":{"start":{"line":327,"column":8},"end":{"line":327,"column":25}},"41":{"start":{"line":328,"column":8},"end":{"line":328,"column":28}},"42":{"start":{"line":330,"column":8},"end":{"line":330,"column":40}},"43":{"start":{"line":339,"column":8},"end":{"line":339,"column":36}},"44":{"start":{"line":340,"column":8},"end":{"line":340,"column":59}},"45":{"start":{"line":358,"column":8},"end":{"line":358,"column":9776}},"46":{"start":{"line":359,"column":12},"end":{"line":359,"column":9818}},"47":{"start":{"line":367,"column":16},"end":{"line":367,"column":10065}},"48":{"start":{"line":368,"column":20},"end":{"line":368,"column":66}},"49":{"start":{"line":371,"column":16},"end":{"line":371,"column":29}},"50":{"start":{"line":373,"column":16},"end":{"line":373,"column":75}}},"branchMap":{"1":{"line":41,"type":"if","locations":[{"start":{"line":41,"column":8},"end":{"line":41,"column":8}},{"start":{"line":41,"column":8},"end":{"line":41,"column":8}}]},"2":{"line":51,"type":"if","locations":[{"start":{"line":51,"column":8},"end":{"line":51,"column":8}},{"start":{"line":51,"column":8},"end":{"line":51,"column":8}}]},"3":{"line":113,"type":"if","locations":[{"start":{"line":113,"column":8},"end":{"line":113,"column":8}},{"start":{"line":113,"column":8},"end":{"line":113,"column":8}}]},"4":{"line":156,"type":"if","locations":[{"start":{"line":156,"column":8},"end":{"line":156,"column":8}},{"start":{"line":156,"column":8},"end":{"line":156,"column":8}}]},"5":{"line":170,"type":"if","locations":[{"start":{"line":170,"column":8},"end":{"line":170,"column":8}},{"start":{"line":170,"column":8},"end":{"line":170,"column":8}}]},"6":{"line":269,"type":"if","locations":[{"start":{"line":269,"column":8},"end":{"line":269,"column":8}},{"start":{"line":269,"column":8},"end":{"line":269,"column":8}}]},"7":{"line":270,"type":"if","locations":[{"start":{"line":270,"column":8},"end":{"line":270,"column":8}},{"start":{"line":270,"column":8},"end":{"line":270,"column":8}}]},"8":{"line":317,"type":"if","locations":[{"start":{"line":317,"column":8},"end":{"line":317,"column":8}},{"start":{"line":317,"column":8},"end":{"line":317,"column":8}}]},"9":{"line":321,"type":"if","locations":[{"start":{"line":321,"column":8},"end":{"line":321,"column":8}},{"start":{"line":321,"column":8},"end":{"line":321,"column":8}}]},"10":{"line":358,"type":"if","locations":[{"start":{"line":358,"column":8},"end":{"line":358,"column":8}},{"start":{"line":358,"column":8},"end":{"line":358,"column":8}}]},"11":{"line":367,"type":"if","locations":[{"start":{"line":367,"column":16},"end":{"line":367,"column":16}},{"start":{"line":367,"column":16},"end":{"line":367,"column":16}}]}}},
"contracts/tokens/SuperERC721.sol":{"l":{"20":0,"21":0,"22":0,"24":0,"32":0,"33":0,"34":0,"36":0,"42":0,"43":0,"44":0,"54":0,"56":0,"62":0,"63":0,"68":0,"69":0,"73":0,"74":0,"75":0,"77":0},"path":"/home/runner/work/karmaToken/karmaToken/contracts/tokens/SuperERC721.sol","s":{"1":0,"2":0,"3":0,"4":0,"5":0,"6":0,"7":0,"8":0,"9":0,"10":0,"11":0,"12":0,"13":0,"14":0,"15":0,"16":0,"17":0,"18":0,"19":0,"20":0,"21":0},"b":{"1":[0,0],"2":[0,0]},"f":{"1":0,"2":0,"3":0,"4":0,"5":0,"6":0},"fnMap":{"1":{"name":"constructor","line":12,"loc":{"start":{"line":7,"column":4},"end":{"line":13,"column":5}}},"2":{"name":"balanceOfBatch","line":15,"loc":{"start":{"line":15,"column":4},"end":{"line":25,"column":4}}},"3":{"name":"ownerOfBatch","line":27,"loc":{"start":{"line":27,"column":4},"end":{"line":37,"column":4}}},"4":{"name":"setBatchApprovalForAll","line":39,"loc":{"start":{"line":39,"column":4},"end":{"line":46,"column":4}}},"5":{"name":"safeBatchTransferFrom","line":48,"loc":{"start":{"line":48,"column":4},"end":{"line":65,"column":4}}},"6":{"name":"_mintBatch","line":67,"loc":{"start":{"line":67,"column":4},"end":{"line":78,"column":4}}}},"statementMap":{"1":{"start":{"line":20,"column":8},"end":{"line":20,"column":64}},"2":{"start":{"line":21,"column":8},"end":{"line":21,"column":526}},"3":{"start":{"line":22,"column":12},"end":{"line":22,"column":45}},"4":{"start":{"line":24,"column":8},"end":{"line":24,"column":23}},"5":{"start":{"line":32,"column":8},"end":{"line":32,"column":59}},"6":{"start":{"line":33,"column":8},"end":{"line":33,"column":848}},"7":{"start":{"line":34,"column":12},"end":{"line":34,"column":38}},"8":{"start":{"line":36,"column":8},"end":{"line":36,"column":21}},"9":{"start":{"line":42,"column":8},"end":{"line":42,"column":1080}},"10":{"start":{"line":43,"column":12},"end":{"line":43,"column":66}},"11":{"start":{"line":44,"column":12},"end":{"line":44,"column":67}},"12":{"start":{"line":54,"column":8},"end":{"line":54,"column":1442}},"13":{"start":{"line":56,"column":12},"end":{"line":56,"column":1537}},"14":{"start":{"line":62,"column":12},"end":{"line":62,"column":38}},"15":{"start":{"line":63,"column":12},"end":{"line":63,"column":58}},"16":{"start":{"line":68,"column":8},"end":{"line":68,"column":1978}},"17":{"start":{"line":69,"column":12},"end":{"line":69,"column":2037}},"18":{"start":{"line":73,"column":12},"end":{"line":73,"column":31}},"19":{"start":{"line":74,"column":12},"end":{"line":74,"column":49}},"20":{"start":{"line":75,"column":12},"end":{"line":75,"column":61}},"21":{"start":{"line":77,"column":8},"end":{"line":77,"column":34}}},"branchMap":{"1":{"line":56,"type":"if","locations":[{"start":{"line":56,"column":12},"end":{"line":56,"column":12}},{"start":{"line":56,"column":12},"end":{"line":56,"column":12}}]},"2":{"line":69,"type":"if","locations":[{"start":{"line":69,"column":12},"end":{"line":69,"column":12}},{"start":{"line":69,"column":12},"end":{"line":69,"column":12}}]}}},
"contracts/UpgradeableDelegate.sol":{"l":{"12":0,"13":0,"18":0,"19":0,"23":0},"path":"/home/runner/work/karmaToken/karmaToken/contracts/UpgradeableDelegate.sol","s":{"1":0,"2":0,"3":0,"4":0,"5":0},"b":{"1":[0,0]},"f":{"1":0,"2":0,"3":0},"fnMap":{"1":{"name":"submitChange","line":10,"loc":{"start":{"line":10,"column":4},"end":{"line":14,"column":4}}},"2":{"name":"implementChange","line":16,"loc":{"start":{"line":16,"column":4},"end":{"line":24,"column":4}}},"3":{"name":null,"line":26,"loc":{"start":{"line":26,"column":4},"end":{"line":28,"column":4}}}},"statementMap":{"1":{"start":{"line":12,"column":8},"end":{"line":12,"column":50}},"2":{"start":{"line":13,"column":8},"end":{"line":13,"column":55}},"3":{"start":{"line":18,"column":8},"end":{"line":18,"column":44}},"4":{"start":{"line":19,"column":8},"end":{"line":19,"column":620}},"5":{"start":{"line":23,"column":8},"end":{"line":23,"column":46}}},"branchMap":{"1":{"line":19,"type":"if","locations":[{"start":{"line":19,"column":8},"end":{"line":19,"column":8}},{"start":{"line":19,"column":8},"end":{"line":19,"column":8}}]}}}}
