TN:
SF:/home/runner/work/karmaToken/karmaToken/contracts/BondToken.sol
FN:33,constructor
FN:41,getBond
FN:51,mintBond
FN:69,updateBeneficiary
FNF:4
FNH:0
FNDA:0,constructor
FNDA:0,getBond
FNDA:0,mintBond
FNDA:0,updateBeneficiary
DA:42,0
DA:52,0
DA:56,0
DA:57,0
DA:58,0
DA:59,0
DA:71,0
DA:72,0
DA:73,0
LF:9
LH:0
BRDA:52,1,0,0
BRDA:52,1,1,0
BRF:2
BRH:0
end_of_record
TN:
SF:/home/runner/work/karmaToken/karmaToken/contracts/CollateralManager.sol
FN:41,constructor
FN:52,addCollateral
FN:83,_isAuthorizedToReleaseCollateral
FN:108,safeBatchReleaseCollaterals
FN:162,destroyBond
FNF:5
FNH:0
FNDA:0,constructor
FNDA:0,addCollateral
FNDA:0,_isAuthorizedToReleaseCollateral
FNDA:0,safeBatchReleaseCollaterals
FNDA:0,destroyBond
DA:58,0
DA:59,0
DA:60,0
DA:62,0
DA:64,0
DA:65,0
DA:66,0
DA:74,0
DA:88,0
DA:90,0
DA:91,0
DA:92,0
DA:94,0
DA:95,0
DA:96,0
DA:113,0
DA:114,0
DA:115,0
DA:116,0
DA:117,0
DA:119,0
DA:123,0
DA:127,0
DA:130,0
DA:131,0
DA:132,0
DA:133,0
DA:138,0
DA:143,0
DA:144,0
DA:147,0
DA:154,0
DA:163,0
DA:164,0
DA:165,0
LF:35
LH:0
BRDA:60,1,0,0
BRDA:60,1,1,0
BRDA:92,2,0,0
BRDA:92,2,1,0
BRDA:119,3,0,0
BRDA:119,3,1,0
BRDA:123,4,0,0
BRDA:123,4,1,0
BRDA:133,5,0,0
BRDA:133,5,1,0
BRDA:138,6,0,0
BRDA:138,6,1,0
BRF:12
BRH:0
end_of_record
TN:
SF:/home/runner/work/karmaToken/karmaToken/contracts/CurrencyManager.sol
FN:48,constructor
FN:56,addERC20Currency
FN:64,addERC721Currency
FN:77,addERC1155TokenCurrency
FN:101,addERC1155NFTCurrency
FN:116,_transferGenericCurrency
FN:156,_addCurrency
FNF:7
FNH:0
FNDA:0,constructor
FNDA:0,addERC20Currency
FNDA:0,addERC721Currency
FNDA:0,addERC1155TokenCurrency
FNDA:0,addERC1155NFTCurrency
FNDA:0,_transferGenericCurrency
FNDA:0,_addCurrency
DA:49,0
DA:57,0
DA:65,0
DA:82,0
DA:88,0
DA:89,0
DA:91,0
DA:102,0
DA:123,0
DA:124,0
DA:125,0
DA:127,0
DA:130,0
DA:132,0
DA:133,0
DA:141,0
DA:149,0
DA:157,0
DA:158,0
DA:159,0
DA:160,0
DA:161,0
DA:163,0
LF:23
LH:0
BRDA:88,1,0,0
BRDA:88,1,1,0
BRDA:123,2,0,0
BRDA:123,2,1,0
BRDA:124,3,0,0
BRDA:124,3,1,0
BRDA:129,4,0,0
BRDA:129,4,1,0
BRDA:131,5,0,0
BRDA:131,5,1,0
BRDA:132,6,0,0
BRDA:132,6,1,0
BRDA:140,7,0,0
BRDA:140,7,1,0
BRDA:159,8,0,0
BRDA:159,8,1,0
BRDA:161,9,0,0
BRDA:161,9,1,0
BRF:18
BRH:0
end_of_record
TN:
SF:/home/runner/work/karmaToken/karmaToken/contracts/exposed/CurrencyManagerExposed.sol
FN:7,transferGenericCurrency
FNF:1
FNH:0
FNDA:0,transferGenericCurrency
DA:14,0
LF:1
LH:0
BRF:0
BRH:0
end_of_record
TN:
SF:/home/runner/work/karmaToken/karmaToken/contracts/exposed/ERC1155Exposed.sol
FN:7,constructor
FN:9,mint
FNF:2
FNH:0
FNDA:0,constructor
FNDA:0,mint
DA:14,0
LF:1
LH:0
BRF:0
BRH:0
end_of_record
TN:
SF:/home/runner/work/karmaToken/karmaToken/contracts/exposed/ERC20Exposed.sol
FN:7,constructor
FN:9,mint
FNF:2
FNH:0
FNDA:0,constructor
FNDA:0,mint
DA:10,0
LF:1
LH:0
BRF:0
BRH:0
end_of_record
TN:
SF:/home/runner/work/karmaToken/karmaToken/contracts/exposed/ERC721Exposed.sol
FN:13,constructor
FN:15,mint
FNF:2
FNH:0
FNDA:0,constructor
FNDA:0,mint
DA:16,0
LF:1
LH:0
BRF:0
BRH:0
end_of_record
TN:
SF:/home/runner/work/karmaToken/karmaToken/contracts/exposed/ERC721ReceiverExposed.sol
FN:7,onERC721Received
FNF:1
FNH:0
FNDA:0,onERC721Received
DA:13,0
DA:14,0
DA:16,0
LF:3
LH:0
BRDA:13,1,0,0
BRDA:13,1,1,0
BRF:2
BRH:0
end_of_record
TN:
SF:/home/runner/work/karmaToken/karmaToken/contracts/exposed/SuperERC721Exposed.sol
FN:12,constructor
FN:15,mint
FN:19,mintBatch
FNF:3
FNH:0
FNDA:0,constructor
FNDA:0,mint
FNDA:0,mintBatch
DA:16,0
DA:20,0
LF:2
LH:0
BRF:0
BRH:0
end_of_record
TN:
SF:/home/runner/work/karmaToken/karmaToken/contracts/LBondManager.sol
FN:26,supportedFormat
FN:36,readFormatAndFlag
FN:48,readCouponSize
FN:62,readPeriodData
FN:73,readCurrency
FN:78,readBeneficiary
FN:89,readFaceValue
FN:103,readStartTime
FN:108,readPeriodDuration
FN:123,readMinter
FN:133,writeFlag
FN:138,writeCurPeriod
FN:147,writeBeneficiary
FN:162,fillBondFromAlpha
FN:175,fillBondFromBeta
FN:192,readBond
FN:222,buildAlpha
FN:283,buildBeta
FN:346,buildBondBytes
FNF:19
FNH:15
FNDA:1,supportedFormat
FNDA:1,readFormatAndFlag
FNDA:1,readCouponSize
FNDA:1,readPeriodData
FNDA:1,readCurrency
FNDA:1,readBeneficiary
FNDA:1,readFaceValue
FNDA:1,readStartTime
FNDA:1,readPeriodDuration
FNDA:1,readMinter
FNDA:0,writeFlag
FNDA:0,writeCurPeriod
FNDA:0,writeBeneficiary
FNDA:1,fillBondFromAlpha
FNDA:1,fillBondFromBeta
FNDA:1,readBond
FNDA:1,buildAlpha
FNDA:1,buildBeta
FNDA:0,buildBondBytes
DA:27,1
DA:42,1
DA:43,1
DA:44,1
DA:45,1
DA:54,1
DA:55,1
DA:56,1
DA:57,1
DA:58,1
DA:59,1
DA:68,1
DA:70,1
DA:75,1
DA:84,1
DA:95,1
DA:96,1
DA:97,1
DA:98,1
DA:99,1
DA:100,1
DA:105,1
DA:115,1
DA:116,1
DA:117,1
DA:118,1
DA:119,1
DA:120,1
DA:124,1
DA:134,0
DA:135,0
DA:143,0
DA:144,0
DA:152,0
DA:153,0
DA:167,1
DA:168,1
DA:169,1
DA:170,1
DA:171,1
DA:172,1
DA:180,1
DA:181,1
DA:182,1
DA:183,1
DA:184,1
DA:197,1
DA:198,1
DA:230,1
DA:232,1
DA:233,1
DA:234,1
DA:235,0
DA:236,0
DA:238,1
DA:239,0
DA:240,0
DA:242,1
DA:243,0
DA:244,0
DA:246,1
DA:250,1
DA:252,1
DA:256,1
DA:258,1
DA:289,1
DA:290,1
DA:291,1
DA:292,0
DA:293,0
DA:295,1
DA:296,0
DA:297,0
DA:299,1
DA:300,0
DA:301,0
DA:303,1
DA:307,1
DA:309,1
DA:310,1
DA:315,1
DA:316,1
DA:317,1
DA:318,0
DA:319,0
DA:321,1
DA:322,0
DA:323,0
DA:325,1
DA:326,0
DA:327,0
DA:329,1
DA:333,1
DA:335,1
DA:351,0
DA:359,0
LF:96
LH:70
BRDA:44,1,0,1
BRDA:44,1,1,0
BRDA:57,2,0,0
BRDA:57,2,1,1
BRDA:58,3,0,0
BRDA:58,3,1,1
BRDA:59,4,0,0
BRDA:59,4,1,1
BRDA:98,5,0,0
BRDA:98,5,1,1
BRDA:99,6,0,0
BRDA:99,6,1,1
BRDA:100,7,0,0
BRDA:100,7,1,1
BRDA:118,8,0,0
BRDA:118,8,1,1
BRDA:119,9,0,0
BRDA:119,9,1,1
BRDA:120,10,0,0
BRDA:120,10,1,1
BRDA:234,11,0,0
BRDA:234,11,1,1
BRDA:238,12,0,0
BRDA:238,12,1,1
BRDA:242,13,0,0
BRDA:242,13,1,1
BRDA:246,14,0,1
BRDA:246,14,1,0
BRDA:252,15,0,1
BRDA:252,15,1,0
BRDA:291,16,0,0
BRDA:291,16,1,1
BRDA:295,17,0,0
BRDA:295,17,1,1
BRDA:299,18,0,0
BRDA:299,18,1,1
BRDA:303,19,0,1
BRDA:303,19,1,0
BRDA:310,20,0,1
BRDA:310,20,1,0
BRDA:317,21,0,0
BRDA:317,21,1,1
BRDA:321,22,0,0
BRDA:321,22,1,1
BRDA:325,23,0,0
BRDA:325,23,1,1
BRDA:329,24,0,1
BRDA:329,24,1,0
BRF:48
BRH:24
end_of_record
TN:
SF:/home/runner/work/karmaToken/karmaToken/contracts/LifecycleManager.sol
FN:29,constructor
FN:41,_updateBondPeriod
FN:83,serviceBond
FN:127,onERC1155Received
FN:145,onERC721Received
FN:163,callBond
FN:187,forgiveBond
FN:199,destroyBond
FNF:8
FNH:0
FNDA:0,constructor
FNDA:0,_updateBondPeriod
FNDA:0,serviceBond
FNDA:0,onERC1155Received
FNDA:0,onERC721Received
FNDA:0,callBond
FNDA:0,forgiveBond
FNDA:0,destroyBond
DA:48,0
DA:49,0
DA:53,0
DA:54,0
DA:56,0
DA:60,0
DA:61,0
DA:64,0
DA:92,0
DA:93,0
DA:94,0
DA:95,0
DA:99,0
DA:101,0
DA:102,0
DA:103,0
DA:104,0
DA:105,0
DA:107,0
DA:108,0
DA:109,0
DA:110,0
DA:112,0
DA:114,0
DA:135,0
DA:136,0
DA:151,0
DA:152,0
DA:165,0
DA:166,0
DA:169,0
DA:173,0
DA:178,0
DA:179,0
DA:188,0
DA:189,0
DA:190,0
DA:191,0
DA:204,0
DA:205,0
DA:206,0
DA:207,0
DA:208,0
DA:209,0
LF:44
LH:0
BRDA:49,1,0,0
BRDA:49,1,1,0
BRDA:54,2,0,0
BRDA:54,2,1,0
BRDA:56,3,0,0
BRDA:56,3,1,0
BRDA:95,4,0,0
BRDA:95,4,1,0
BRDA:99,5,0,0
BRDA:99,5,1,0
BRDA:105,6,0,0
BRDA:105,6,1,0
BRDA:109,7,0,0
BRDA:109,7,1,0
BRDA:135,8,0,0
BRDA:135,8,1,0
BRDA:151,9,0,0
BRDA:151,9,1,0
BRDA:169,10,0,0
BRDA:169,10,1,0
BRDA:173,11,0,0
BRDA:173,11,1,0
BRF:22
BRH:0
end_of_record
TN:
SF:/home/runner/work/karmaToken/karmaToken/contracts/MonetizedBondNFT.sol
FN:28,constructor
FN:36,setMintFee
FN:46,setServiceFee
FN:64,withdrawValue
FN:75,mintBond
FNF:5
FNH:0
FNDA:0,constructor
FNDA:0,setMintFee
FNDA:0,setServiceFee
FNDA:0,withdrawValue
FNDA:0,mintBond
DA:37,0
DA:38,0
DA:47,0
DA:48,0
DA:66,0
DA:67,0
DA:76,0
DA:80,0
LF:8
LH:0
BRDA:67,1,0,0
BRDA:67,1,1,0
BRDA:76,2,0,0
BRDA:76,2,1,0
BRF:4
BRH:0
end_of_record
TN:
SF:/home/runner/work/karmaToken/karmaToken/contracts/tokens/ERC721.sol
FN:39,onlyValidOperator
FN:50,onlyTokenOwner
FN:55,_ownerOrOperatorOf
FN:66,_minterOrOperatorOf
FN:77,constructor
FN:90,supportsInterface
FN:106,balanceOf
FN:123,ownerOf
FN:136,tokenURI
FN:153,approve
FN:163,getApproved
FN:183,setApprovalForAll
FN:196,isApprovedForAll
FN:213,transferFrom
FN:220,safeTransferFrom
FN:251,safeTransferFrom
FN:268,_mint
FN:289,_burn
FN:312,_transfer
FN:338,_approve
FN:352,_checkOnERC721Received
FNF:21
FNH:0
FNDA:0,onlyValidOperator
FNDA:0,onlyTokenOwner
FNDA:0,_ownerOrOperatorOf
FNDA:0,_minterOrOperatorOf
FNDA:0,constructor
FNDA:0,supportsInterface
FNDA:0,balanceOf
FNDA:0,ownerOf
FNDA:0,tokenURI
FNDA:0,approve
FNDA:0,getApproved
FNDA:0,setApprovalForAll
FNDA:0,isApprovedForAll
FNDA:0,transferFrom
FNDA:0,safeTransferFrom
FNDA:0,safeTransferFrom
FNDA:0,_mint
FNDA:0,_burn
FNDA:0,_transfer
FNDA:0,_approve
FNDA:0,_checkOnERC721Received
DA:40,0
DA:41,0
DA:47,0
DA:51,0
DA:52,0
DA:60,0
DA:71,0
DA:82,0
DA:83,0
DA:84,0
DA:97,0
DA:113,0
DA:117,0
DA:130,0
DA:143,0
DA:155,0
DA:156,0
DA:157,0
DA:170,0
DA:175,0
DA:189,0
DA:190,0
DA:203,0
DA:214,0
DA:225,0
DA:252,0
DA:253,0
DA:269,0
DA:270,0
DA:272,0
DA:273,0
DA:275,0
DA:276,0
DA:290,0
DA:293,0
DA:295,0
DA:296,0
DA:298,0
DA:317,0
DA:321,0
DA:324,0
DA:326,0
DA:327,0
DA:328,0
DA:330,0
DA:339,0
DA:340,0
DA:358,0
DA:359,0
DA:367,0
DA:368,0
DA:371,0
DA:373,0
LF:53
LH:0
BRDA:41,1,0,0
BRDA:41,1,1,0
BRDA:51,2,0,0
BRDA:51,2,1,0
BRDA:113,3,0,0
BRDA:113,3,1,0
BRDA:156,4,0,0
BRDA:156,4,1,0
BRDA:170,5,0,0
BRDA:170,5,1,0
BRDA:269,6,0,0
BRDA:269,6,1,0
BRDA:270,7,0,0
BRDA:270,7,1,0
BRDA:317,8,0,0
BRDA:317,8,1,0
BRDA:321,9,0,0
BRDA:321,9,1,0
BRDA:358,10,0,0
BRDA:358,10,1,0
BRDA:367,11,0,0
BRDA:367,11,1,0
BRF:22
BRH:0
end_of_record
TN:
SF:/home/runner/work/karmaToken/karmaToken/contracts/tokens/SuperERC721.sol
FN:12,constructor
FN:15,balanceOfBatch
FN:27,ownerOfBatch
FN:39,setBatchApprovalForAll
FN:48,safeBatchTransferFrom
FN:67,_mintBatch
FNF:6
FNH:0
FNDA:0,constructor
FNDA:0,balanceOfBatch
FNDA:0,ownerOfBatch
FNDA:0,setBatchApprovalForAll
FNDA:0,safeBatchTransferFrom
FNDA:0,_mintBatch
DA:20,0
DA:21,0
DA:22,0
DA:24,0
DA:32,0
DA:33,0
DA:34,0
DA:36,0
DA:42,0
DA:43,0
DA:44,0
DA:54,0
DA:56,0
DA:62,0
DA:63,0
DA:68,0
DA:69,0
DA:73,0
DA:74,0
DA:75,0
DA:77,0
LF:21
LH:0
BRDA:56,1,0,0
BRDA:56,1,1,0
BRDA:69,2,0,0
BRDA:69,2,1,0
BRF:4
BRH:0
end_of_record
TN:
SF:/home/runner/work/karmaToken/karmaToken/contracts/UpgradeableDelegate.sol
FN:10,submitChange
FN:16,implementChange
FN:26,
FNF:3
FNH:0
FNDA:0,submitChange
FNDA:0,implementChange
FNDA:0,
DA:12,0
DA:13,0
DA:18,0
DA:19,0
DA:23,0
LF:5
LH:0
BRDA:19,1,0,0
BRDA:19,1,1,0
BRF:2
BRH:0
end_of_record
